<?xml version="1.0" encoding="UTF-8"?>
<testng-results skipped="0" failed="0" ignored="0" total="1" passed="1">
  <reporter-output>
  </reporter-output>
  <suite name="Default suite" duration-ms="3728" started-at="2021-02-01T17:14:40Z" finished-at="2021-02-01T17:14:44Z">
    <groups>
    </groups>
    <test name="Default test" duration-ms="3728" started-at="2021-02-01T17:14:40Z" finished-at="2021-02-01T17:14:44Z">
      <class name="sex.rabbitcams.tests.PerformerJennyTest">
        <test-method status="PASS" signature="beforeSuite()[pri:0, instance:sex.rabbitcams.tests.PerformerJennyTest@42d80b78]" name="beforeSuite" is-config="true" duration-ms="17014" started-at="2021-02-01T17:14:23Z" finished-at="2021-02-01T17:14:40Z">
          <reporter-output>
          </reporter-output>
        </test-method> <!-- beforeSuite -->
        <test-method status="PASS" signature="beforeTestt()[pri:0, instance:sex.rabbitcams.tests.PerformerJennyTest@42d80b78]" name="beforeTestt" is-config="true" duration-ms="133" started-at="2021-02-01T17:14:40Z" finished-at="2021-02-01T17:14:40Z">
          <reporter-output>
          </reporter-output>
        </test-method> <!-- beforeTestt -->
        <test-method status="PASS" signature="PerformerJennySearchTest()[pri:0, instance:sex.rabbitcams.tests.PerformerJennyTest@42d80b78]" name="PerformerJennySearchTest" duration-ms="1411" started-at="2021-02-01T17:14:40Z" finished-at="2021-02-01T17:14:41Z">
          <reporter-output>
          </reporter-output>
        </test-method> <!-- PerformerJennySearchTest -->
        <test-method status="PASS" signature="afterTestt()[pri:0, instance:sex.rabbitcams.tests.PerformerJennyTest@42d80b78]" name="afterTestt" is-config="true" duration-ms="2140" started-at="2021-02-01T17:14:42Z" finished-at="2021-02-01T17:14:44Z">
          <reporter-output>
          </reporter-output>
        </test-method> <!-- afterTestt -->
      </class> <!-- sex.rabbitcams.tests.PerformerJennyTest -->
    </test> <!-- Default test -->
  </suite> <!-- Default suite -->
</testng-results>
